I, [2018-02-16T14:11:48.219964 #29226]  INFO -- Kitchen: -----> Starting Kitchen (v1.20.0)
I, [2018-02-16T14:11:51.330272 #29226]  INFO -- Kitchen: -----> Cleaning up any prior instances of <node01-centos-74>
I, [2018-02-16T14:11:51.336647 #29226]  INFO -- Kitchen: -----> Destroying <node01-centos-74>...
I, [2018-02-16T14:11:59.897411 #29226]  INFO -- Kitchen: -----> Testing <node01-centos-74>
I, [2018-02-16T14:11:59.897589 #29226]  INFO -- Kitchen: -----> Creating <node01-centos-74>...
I, [2018-02-16T14:17:02.103275 #29226]  INFO -- Kitchen: -----> Converging <node01-centos-74>...
I, [2018-02-16T14:17:47.220348 #29226]  INFO -- Kitchen: -----> Setting up <node01-centos-74>...
I, [2018-02-16T14:17:47.223458 #29226]  INFO -- Kitchen: -----> Verifying <node01-centos-74>...
I, [2018-02-16T14:17:55.936004 #29226]  INFO -- Kitchen: -----> Cleaning up any prior instances of <node02-centos-74>
I, [2018-02-16T14:17:55.937662 #29226]  INFO -- Kitchen: -----> Destroying <node02-centos-74>...
I, [2018-02-16T14:18:03.352663 #29226]  INFO -- Kitchen: -----> Testing <node02-centos-74>
I, [2018-02-16T14:18:03.353015 #29226]  INFO -- Kitchen: -----> Creating <node02-centos-74>...
I, [2018-02-16T14:22:41.586700 #29226]  INFO -- Kitchen: -----> Converging <node02-centos-74>...
I, [2018-02-16T14:23:26.602836 #29226]  INFO -- Kitchen: -----> Setting up <node02-centos-74>...
I, [2018-02-16T14:23:26.607647 #29226]  INFO -- Kitchen: -----> Verifying <node02-centos-74>...
I, [2018-02-16T14:23:32.044474 #29226]  INFO -- Kitchen: -----> Destroying <node02-centos-74>...
E, [2018-02-16T14:23:40.616374 #29226] ERROR -- Kitchen: ------Exception-------
E, [2018-02-16T14:23:40.619021 #29226] ERROR -- Kitchen: Class: Kitchen::ActionFailed
E, [2018-02-16T14:23:40.619078 #29226] ERROR -- Kitchen: Message: 1 actions failed.
>>>>>>     Verify failed on instance <node01-centos-74>.  Please see .kitchen/logs/node01-centos-74.log for more details
E, [2018-02-16T14:23:40.619104 #29226] ERROR -- Kitchen: ----------------------
E, [2018-02-16T14:23:40.619120 #29226] ERROR -- Kitchen: ------Backtrace-------
E, [2018-02-16T14:23:40.619134 #29226] ERROR -- Kitchen: /Users/AA331421/.rbenv/versions/2.5.0/lib/ruby/gems/2.5.0/gems/test-kitchen-1.20.0/lib/kitchen/command.rb:183:in `report_errors'
E, [2018-02-16T14:23:40.619148 #29226] ERROR -- Kitchen: /Users/AA331421/.rbenv/versions/2.5.0/lib/ruby/gems/2.5.0/gems/test-kitchen-1.20.0/lib/kitchen/command.rb:174:in `run_action'
E, [2018-02-16T14:23:40.619165 #29226] ERROR -- Kitchen: /Users/AA331421/.rbenv/versions/2.5.0/lib/ruby/gems/2.5.0/gems/test-kitchen-1.20.0/lib/kitchen/command/test.rb:42:in `block in call'
E, [2018-02-16T14:23:40.619179 #29226] ERROR -- Kitchen: /Users/AA331421/.rbenv/versions/2.5.0/lib/ruby/2.5.0/benchmark.rb:293:in `measure'
E, [2018-02-16T14:23:40.619197 #29226] ERROR -- Kitchen: /Users/AA331421/.rbenv/versions/2.5.0/lib/ruby/gems/2.5.0/gems/test-kitchen-1.20.0/lib/kitchen/command/test.rb:38:in `call'
E, [2018-02-16T14:23:40.619215 #29226] ERROR -- Kitchen: /Users/AA331421/.rbenv/versions/2.5.0/lib/ruby/gems/2.5.0/gems/test-kitchen-1.20.0/lib/kitchen/cli.rb:52:in `perform'
E, [2018-02-16T14:23:40.619235 #29226] ERROR -- Kitchen: /Users/AA331421/.rbenv/versions/2.5.0/lib/ruby/gems/2.5.0/gems/test-kitchen-1.20.0/lib/kitchen/cli.rb:245:in `test'
E, [2018-02-16T14:23:40.619253 #29226] ERROR -- Kitchen: /Users/AA331421/.rbenv/versions/2.5.0/lib/ruby/gems/2.5.0/gems/thor-0.19.1/lib/thor/command.rb:27:in `run'
E, [2018-02-16T14:23:40.619270 #29226] ERROR -- Kitchen: /Users/AA331421/.rbenv/versions/2.5.0/lib/ruby/gems/2.5.0/gems/thor-0.19.1/lib/thor/invocation.rb:126:in `invoke_command'
E, [2018-02-16T14:23:40.619287 #29226] ERROR -- Kitchen: /Users/AA331421/.rbenv/versions/2.5.0/lib/ruby/gems/2.5.0/gems/thor-0.19.1/lib/thor.rb:359:in `dispatch'
E, [2018-02-16T14:23:40.619305 #29226] ERROR -- Kitchen: /Users/AA331421/.rbenv/versions/2.5.0/lib/ruby/gems/2.5.0/gems/thor-0.19.1/lib/thor/base.rb:440:in `start'
E, [2018-02-16T14:23:40.619324 #29226] ERROR -- Kitchen: /Users/AA331421/.rbenv/versions/2.5.0/lib/ruby/gems/2.5.0/gems/test-kitchen-1.20.0/bin/kitchen:13:in `block in <top (required)>'
E, [2018-02-16T14:23:40.619358 #29226] ERROR -- Kitchen: /Users/AA331421/.rbenv/versions/2.5.0/lib/ruby/gems/2.5.0/gems/test-kitchen-1.20.0/lib/kitchen/errors.rb:171:in `with_friendly_errors'
E, [2018-02-16T14:23:40.619391 #29226] ERROR -- Kitchen: /Users/AA331421/.rbenv/versions/2.5.0/lib/ruby/gems/2.5.0/gems/test-kitchen-1.20.0/bin/kitchen:13:in `<top (required)>'
E, [2018-02-16T14:23:40.619426 #29226] ERROR -- Kitchen: /Users/AA331421/.rbenv/versions/2.5.0/bin/kitchen:23:in `load'
E, [2018-02-16T14:23:40.619455 #29226] ERROR -- Kitchen: /Users/AA331421/.rbenv/versions/2.5.0/bin/kitchen:23:in `<top (required)>'
E, [2018-02-16T14:23:40.619478 #29226] ERROR -- Kitchen: /Users/AA331421/.rbenv/versions/2.5.0/lib/ruby/gems/2.5.0/gems/bundler-1.16.1/lib/bundler/cli/exec.rb:75:in `load'
E, [2018-02-16T14:23:40.619494 #29226] ERROR -- Kitchen: /Users/AA331421/.rbenv/versions/2.5.0/lib/ruby/gems/2.5.0/gems/bundler-1.16.1/lib/bundler/cli/exec.rb:75:in `kernel_load'
E, [2018-02-16T14:23:40.619515 #29226] ERROR -- Kitchen: /Users/AA331421/.rbenv/versions/2.5.0/lib/ruby/gems/2.5.0/gems/bundler-1.16.1/lib/bundler/cli/exec.rb:28:in `run'
E, [2018-02-16T14:23:40.619541 #29226] ERROR -- Kitchen: /Users/AA331421/.rbenv/versions/2.5.0/lib/ruby/gems/2.5.0/gems/bundler-1.16.1/lib/bundler/cli.rb:424:in `exec'
E, [2018-02-16T14:23:40.619561 #29226] ERROR -- Kitchen: /Users/AA331421/.rbenv/versions/2.5.0/lib/ruby/gems/2.5.0/gems/bundler-1.16.1/lib/bundler/vendor/thor/lib/thor/command.rb:27:in `run'
E, [2018-02-16T14:23:40.619576 #29226] ERROR -- Kitchen: /Users/AA331421/.rbenv/versions/2.5.0/lib/ruby/gems/2.5.0/gems/bundler-1.16.1/lib/bundler/vendor/thor/lib/thor/invocation.rb:126:in `invoke_command'
E, [2018-02-16T14:23:40.619590 #29226] ERROR -- Kitchen: /Users/AA331421/.rbenv/versions/2.5.0/lib/ruby/gems/2.5.0/gems/bundler-1.16.1/lib/bundler/vendor/thor/lib/thor.rb:387:in `dispatch'
E, [2018-02-16T14:23:40.619603 #29226] ERROR -- Kitchen: /Users/AA331421/.rbenv/versions/2.5.0/lib/ruby/gems/2.5.0/gems/bundler-1.16.1/lib/bundler/cli.rb:27:in `dispatch'
E, [2018-02-16T14:23:40.619617 #29226] ERROR -- Kitchen: /Users/AA331421/.rbenv/versions/2.5.0/lib/ruby/gems/2.5.0/gems/bundler-1.16.1/lib/bundler/vendor/thor/lib/thor/base.rb:466:in `start'
E, [2018-02-16T14:23:40.619630 #29226] ERROR -- Kitchen: /Users/AA331421/.rbenv/versions/2.5.0/lib/ruby/gems/2.5.0/gems/bundler-1.16.1/lib/bundler/cli.rb:18:in `start'
E, [2018-02-16T14:23:40.619646 #29226] ERROR -- Kitchen: /Users/AA331421/.rbenv/versions/2.5.0/lib/ruby/gems/2.5.0/gems/bundler-1.16.1/exe/bundle:30:in `block in <top (required)>'
E, [2018-02-16T14:23:40.619660 #29226] ERROR -- Kitchen: /Users/AA331421/.rbenv/versions/2.5.0/lib/ruby/gems/2.5.0/gems/bundler-1.16.1/lib/bundler/friendly_errors.rb:122:in `with_friendly_errors'
E, [2018-02-16T14:23:40.619675 #29226] ERROR -- Kitchen: /Users/AA331421/.rbenv/versions/2.5.0/lib/ruby/gems/2.5.0/gems/bundler-1.16.1/exe/bundle:22:in `<top (required)>'
E, [2018-02-16T14:23:40.619811 #29226] ERROR -- Kitchen: /Users/AA331421/.rbenv/versions/2.5.0/bin/bundle:23:in `load'
E, [2018-02-16T14:23:40.619826 #29226] ERROR -- Kitchen: /Users/AA331421/.rbenv/versions/2.5.0/bin/bundle:23:in `<main>'
E, [2018-02-16T14:23:40.619840 #29226] ERROR -- Kitchen: ----End Backtrace-----
E, [2018-02-16T14:23:40.619853 #29226] ERROR -- Kitchen: -Composite Exception--
E, [2018-02-16T14:23:40.619866 #29226] ERROR -- Kitchen: Class: Kitchen::InstanceFailure
E, [2018-02-16T14:23:40.619879 #29226] ERROR -- Kitchen: Message: Verify failed on instance <node01-centos-74>.  Please see .kitchen/logs/node01-centos-74.log for more details
E, [2018-02-16T14:23:40.619892 #29226] ERROR -- Kitchen: ----------------------
E, [2018-02-16T14:23:40.619905 #29226] ERROR -- Kitchen: ------Backtrace-------
E, [2018-02-16T14:23:40.619917 #29226] ERROR -- Kitchen: /Users/AA331421/.rbenv/versions/2.5.0/lib/ruby/gems/2.5.0/gems/test-kitchen-1.20.0/lib/kitchen/verifier/base.rb:80:in `rescue in call'
E, [2018-02-16T14:23:40.619930 #29226] ERROR -- Kitchen: /Users/AA331421/.rbenv/versions/2.5.0/lib/ruby/gems/2.5.0/gems/test-kitchen-1.20.0/lib/kitchen/verifier/base.rb:67:in `call'
E, [2018-02-16T14:23:40.619954 #29226] ERROR -- Kitchen: /Users/AA331421/.rbenv/versions/2.5.0/lib/ruby/gems/2.5.0/gems/test-kitchen-1.20.0/lib/kitchen/instance.rb:443:in `block in verify_action'
E, [2018-02-16T14:23:40.619968 #29226] ERROR -- Kitchen: /Users/AA331421/.rbenv/versions/2.5.0/lib/ruby/gems/2.5.0/gems/test-kitchen-1.20.0/lib/kitchen/instance.rb:536:in `synchronize_or_call'
E, [2018-02-16T14:23:40.619981 #29226] ERROR -- Kitchen: /Users/AA331421/.rbenv/versions/2.5.0/lib/ruby/gems/2.5.0/gems/test-kitchen-1.20.0/lib/kitchen/instance.rb:498:in `block in action'
E, [2018-02-16T14:23:40.619995 #29226] ERROR -- Kitchen: /Users/AA331421/.rbenv/versions/2.5.0/lib/ruby/2.5.0/benchmark.rb:293:in `measure'
E, [2018-02-16T14:23:40.620008 #29226] ERROR -- Kitchen: /Users/AA331421/.rbenv/versions/2.5.0/lib/ruby/gems/2.5.0/gems/test-kitchen-1.20.0/lib/kitchen/instance.rb:497:in `action'
E, [2018-02-16T14:23:40.620021 #29226] ERROR -- Kitchen: /Users/AA331421/.rbenv/versions/2.5.0/lib/ruby/gems/2.5.0/gems/test-kitchen-1.20.0/lib/kitchen/instance.rb:435:in `verify_action'
E, [2018-02-16T14:23:40.620034 #29226] ERROR -- Kitchen: /Users/AA331421/.rbenv/versions/2.5.0/lib/ruby/gems/2.5.0/gems/test-kitchen-1.20.0/lib/kitchen/instance.rb:368:in `block in transition_to'
E, [2018-02-16T14:23:40.620049 #29226] ERROR -- Kitchen: /Users/AA331421/.rbenv/versions/2.5.0/lib/ruby/gems/2.5.0/gems/test-kitchen-1.20.0/lib/kitchen/instance.rb:367:in `each'
E, [2018-02-16T14:23:40.620063 #29226] ERROR -- Kitchen: /Users/AA331421/.rbenv/versions/2.5.0/lib/ruby/gems/2.5.0/gems/test-kitchen-1.20.0/lib/kitchen/instance.rb:367:in `transition_to'
E, [2018-02-16T14:23:40.620076 #29226] ERROR -- Kitchen: /Users/AA331421/.rbenv/versions/2.5.0/lib/ruby/gems/2.5.0/gems/test-kitchen-1.20.0/lib/kitchen/instance.rb:157:in `verify'
E, [2018-02-16T14:23:40.620089 #29226] ERROR -- Kitchen: /Users/AA331421/.rbenv/versions/2.5.0/lib/ruby/gems/2.5.0/gems/test-kitchen-1.20.0/lib/kitchen/instance.rb:186:in `block in test'
E, [2018-02-16T14:23:40.620105 #29226] ERROR -- Kitchen: /Users/AA331421/.rbenv/versions/2.5.0/lib/ruby/2.5.0/benchmark.rb:293:in `measure'
E, [2018-02-16T14:23:40.620119 #29226] ERROR -- Kitchen: /Users/AA331421/.rbenv/versions/2.5.0/lib/ruby/gems/2.5.0/gems/test-kitchen-1.20.0/lib/kitchen/instance.rb:182:in `test'
E, [2018-02-16T14:23:40.620134 #29226] ERROR -- Kitchen: /Users/AA331421/.rbenv/versions/2.5.0/lib/ruby/gems/2.5.0/gems/test-kitchen-1.20.0/lib/kitchen/command.rb:197:in `public_send'
E, [2018-02-16T14:23:40.620147 #29226] ERROR -- Kitchen: /Users/AA331421/.rbenv/versions/2.5.0/lib/ruby/gems/2.5.0/gems/test-kitchen-1.20.0/lib/kitchen/command.rb:197:in `run_action_in_thread'
E, [2018-02-16T14:23:40.620160 #29226] ERROR -- Kitchen: /Users/AA331421/.rbenv/versions/2.5.0/lib/ruby/gems/2.5.0/gems/test-kitchen-1.20.0/lib/kitchen/command.rb:169:in `block (2 levels) in run_action'
E, [2018-02-16T14:23:40.620173 #29226] ERROR -- Kitchen: ----End Backtrace-----
E, [2018-02-16T14:23:40.620185 #29226] ERROR -- Kitchen: ---Nested Exception---
E, [2018-02-16T14:23:40.620198 #29226] ERROR -- Kitchen: Class: Kitchen::ActionFailed
E, [2018-02-16T14:23:40.620210 #29226] ERROR -- Kitchen: Message: SSH exited (1) for command: [sh -c '
TEST_KITCHEN="1"; export TEST_KITCHEN
BUSSER_ROOT="/tmp/verifier"; export BUSSER_ROOT
GEM_HOME="/tmp/verifier/gems"; export GEM_HOME
GEM_PATH="/tmp/verifier/gems"; export GEM_PATH
GEM_CACHE="/tmp/verifier/gems/cache"; export GEM_CACHE
ruby="/opt/chef/embedded/bin/ruby"
gem="/opt/chef/embedded/bin/gem"
version="busser"
gem_install_args="busser --no-rdoc --no-ri --no-format-executable -n /tmp/verifier/bin --no-user-install"
busser="sudo -E /tmp/verifier/bin/busser"
plugins="busser-bats busser-minitest.org"

$gem list --no-versions | grep "^busser" 2>&1 >/dev/null
if test $? -ne 0; then
  echo "-----> Installing Busser ($version)"
  $gem install $gem_install_args
else
  echo "-----> Busser installation detected ($version)"
fi

if test ! -f "$BUSSER_ROOT/bin/busser"; then
  $busser setup
fi

for plugin in $plugins; do
  $gem list --no-versions | grep "^$plugin$" 2>&1 >/dev/null
  if test $? -ne 0; then
    echo "-----> Installing Busser plugin: $plugin"
    $busser plugin install $plugin
  else
    echo "-----> Busser plugin detected: $plugin"
  fi
done
']
E, [2018-02-16T14:23:40.620239 #29226] ERROR -- Kitchen: ----------------------
E, [2018-02-16T14:23:40.620252 #29226] ERROR -- Kitchen: ------Backtrace-------
E, [2018-02-16T14:23:40.620266 #29226] ERROR -- Kitchen: /Users/AA331421/.rbenv/versions/2.5.0/lib/ruby/gems/2.5.0/gems/test-kitchen-1.20.0/lib/kitchen/verifier/base.rb:80:in `rescue in call'
E, [2018-02-16T14:23:40.620279 #29226] ERROR -- Kitchen: /Users/AA331421/.rbenv/versions/2.5.0/lib/ruby/gems/2.5.0/gems/test-kitchen-1.20.0/lib/kitchen/verifier/base.rb:67:in `call'
E, [2018-02-16T14:23:40.620299 #29226] ERROR -- Kitchen: /Users/AA331421/.rbenv/versions/2.5.0/lib/ruby/gems/2.5.0/gems/test-kitchen-1.20.0/lib/kitchen/instance.rb:443:in `block in verify_action'
E, [2018-02-16T14:23:40.620318 #29226] ERROR -- Kitchen: /Users/AA331421/.rbenv/versions/2.5.0/lib/ruby/gems/2.5.0/gems/test-kitchen-1.20.0/lib/kitchen/instance.rb:536:in `synchronize_or_call'
E, [2018-02-16T14:23:40.620332 #29226] ERROR -- Kitchen: /Users/AA331421/.rbenv/versions/2.5.0/lib/ruby/gems/2.5.0/gems/test-kitchen-1.20.0/lib/kitchen/instance.rb:498:in `block in action'
E, [2018-02-16T14:23:40.620348 #29226] ERROR -- Kitchen: /Users/AA331421/.rbenv/versions/2.5.0/lib/ruby/2.5.0/benchmark.rb:293:in `measure'
E, [2018-02-16T14:23:40.620361 #29226] ERROR -- Kitchen: /Users/AA331421/.rbenv/versions/2.5.0/lib/ruby/gems/2.5.0/gems/test-kitchen-1.20.0/lib/kitchen/instance.rb:497:in `action'
E, [2018-02-16T14:23:40.620377 #29226] ERROR -- Kitchen: /Users/AA331421/.rbenv/versions/2.5.0/lib/ruby/gems/2.5.0/gems/test-kitchen-1.20.0/lib/kitchen/instance.rb:435:in `verify_action'
E, [2018-02-16T14:23:40.620391 #29226] ERROR -- Kitchen: /Users/AA331421/.rbenv/versions/2.5.0/lib/ruby/gems/2.5.0/gems/test-kitchen-1.20.0/lib/kitchen/instance.rb:368:in `block in transition_to'
E, [2018-02-16T14:23:40.620406 #29226] ERROR -- Kitchen: /Users/AA331421/.rbenv/versions/2.5.0/lib/ruby/gems/2.5.0/gems/test-kitchen-1.20.0/lib/kitchen/instance.rb:367:in `each'
E, [2018-02-16T14:23:40.620419 #29226] ERROR -- Kitchen: /Users/AA331421/.rbenv/versions/2.5.0/lib/ruby/gems/2.5.0/gems/test-kitchen-1.20.0/lib/kitchen/instance.rb:367:in `transition_to'
E, [2018-02-16T14:23:40.620434 #29226] ERROR -- Kitchen: /Users/AA331421/.rbenv/versions/2.5.0/lib/ruby/gems/2.5.0/gems/test-kitchen-1.20.0/lib/kitchen/instance.rb:157:in `verify'
E, [2018-02-16T14:23:40.620447 #29226] ERROR -- Kitchen: /Users/AA331421/.rbenv/versions/2.5.0/lib/ruby/gems/2.5.0/gems/test-kitchen-1.20.0/lib/kitchen/instance.rb:186:in `block in test'
E, [2018-02-16T14:23:40.620468 #29226] ERROR -- Kitchen: /Users/AA331421/.rbenv/versions/2.5.0/lib/ruby/2.5.0/benchmark.rb:293:in `measure'
E, [2018-02-16T14:23:40.620490 #29226] ERROR -- Kitchen: /Users/AA331421/.rbenv/versions/2.5.0/lib/ruby/gems/2.5.0/gems/test-kitchen-1.20.0/lib/kitchen/instance.rb:182:in `test'
E, [2018-02-16T14:23:40.620518 #29226] ERROR -- Kitchen: /Users/AA331421/.rbenv/versions/2.5.0/lib/ruby/gems/2.5.0/gems/test-kitchen-1.20.0/lib/kitchen/command.rb:197:in `public_send'
E, [2018-02-16T14:23:40.620534 #29226] ERROR -- Kitchen: /Users/AA331421/.rbenv/versions/2.5.0/lib/ruby/gems/2.5.0/gems/test-kitchen-1.20.0/lib/kitchen/command.rb:197:in `run_action_in_thread'
E, [2018-02-16T14:23:40.620548 #29226] ERROR -- Kitchen: /Users/AA331421/.rbenv/versions/2.5.0/lib/ruby/gems/2.5.0/gems/test-kitchen-1.20.0/lib/kitchen/command.rb:169:in `block (2 levels) in run_action'
E, [2018-02-16T14:23:40.620561 #29226] ERROR -- Kitchen: ----End Backtrace-----
